c:\users\youngbeom\source\repos\ybcrypto_module\genlibrary\x64\release\vc142.pdb
c:\users\youngbeom\source\repos\ybcrypto_module\genlibrary\x64\release\ybcrypto.obj
c:\users\youngbeom\source\repos\ybcrypto_module\genlibrary\x64\release\mode_core.obj
c:\users\youngbeom\source\repos\ybcrypto_module\genlibrary\x64\release\mode.obj
c:\users\youngbeom\source\repos\ybcrypto_module\genlibrary\x64\release\kat_test.obj
c:\users\youngbeom\source\repos\ybcrypto_module\genlibrary\x64\release\integrity.obj
c:\users\youngbeom\source\repos\ybcrypto_module\genlibrary\x64\release\hmac_core.obj
c:\users\youngbeom\source\repos\ybcrypto_module\genlibrary\x64\release\hmac.obj
c:\users\youngbeom\source\repos\ybcrypto_module\genlibrary\x64\release\hash_core.obj
c:\users\youngbeom\source\repos\ybcrypto_module\genlibrary\x64\release\hash.obj
c:\users\youngbeom\source\repos\ybcrypto_module\genlibrary\x64\release\entropy.obj
c:\users\youngbeom\source\repos\ybcrypto_module\genlibrary\x64\release\dllmain.obj
c:\users\youngbeom\source\repos\ybcrypto_module\genlibrary\x64\release\ctr_drbg.obj
c:\users\youngbeom\source\repos\ybcrypto_module\genlibrary\x64\release\ctrdrbg_core.obj
c:\users\youngbeom\source\repos\ybcrypto_module\genlibrary\x64\release\blockcipher_core.obj
c:\users\youngbeom\source\repos\ybcrypto_module\x64\release\genlibrary.lib
c:\users\youngbeom\source\repos\ybcrypto_module\x64\release\genlibrary.exp
c:\users\youngbeom\source\repos\ybcrypto_module\x64\release\genlibrary.dll
c:\users\youngbeom\source\repos\ybcrypto_module\genlibrary\x64\release\genlibrary.ipdb
c:\users\youngbeom\source\repos\ybcrypto_module\genlibrary\x64\release\genlibrary.iobj
c:\users\youngbeom\source\repos\ybcrypto_module\x64\release\genlibrary.pdb
c:\users\youngbeom\source\repos\ybcrypto_module\genlibrary\x64\release\genlibrary.tlog\cl.command.1.tlog
c:\users\youngbeom\source\repos\ybcrypto_module\genlibrary\x64\release\genlibrary.tlog\cl.read.1.tlog
c:\users\youngbeom\source\repos\ybcrypto_module\genlibrary\x64\release\genlibrary.tlog\cl.write.1.tlog
c:\users\youngbeom\source\repos\ybcrypto_module\genlibrary\x64\release\genlibrary.tlog\genlibrary.write.1u.tlog
c:\users\youngbeom\source\repos\ybcrypto_module\genlibrary\x64\release\genlibrary.tlog\link.command.1.tlog
c:\users\youngbeom\source\repos\ybcrypto_module\genlibrary\x64\release\genlibrary.tlog\link.read.1.tlog
c:\users\youngbeom\source\repos\ybcrypto_module\genlibrary\x64\release\genlibrary.tlog\link.write.1.tlog
